<?xml version="1.0" encoding="UTF-8"?>
<testng-results skipped="0" failed="1" ignored="0" total="7" passed="6">
  <reporter-output>
  </reporter-output>
  <suite name="Default suite" duration-ms="11532" started-at="2020-02-25T09:54:51Z" finished-at="2020-02-25T09:55:03Z">
    <groups>
    </groups>
    <test name="Default test" duration-ms="11532" started-at="2020-02-25T09:54:51Z" finished-at="2020-02-25T09:55:03Z">
      <class name="RestAssuredAPI.RestAssuredAPI.TC001_GET_Request">
        <test-method status="PASS" signature="getwheatherdetails()[pri:0, instance:RestAssuredAPI.RestAssuredAPI.TC001_GET_Request@5af97850]" name="getwheatherdetails" duration-ms="1576" started-at="2020-02-25T09:54:58Z" finished-at="2020-02-25T09:54:59Z">
          <reporter-output>
          </reporter-output>
        </test-method> <!-- getwheatherdetails -->
      </class> <!-- RestAssuredAPI.RestAssuredAPI.TC001_GET_Request -->
      <class name="RestAssuredAPI.RestAssuredAPI.TC007_GET_Request">
        <test-method status="PASS" signature="Authentication()[pri:0, instance:RestAssuredAPI.RestAssuredAPI.TC007_GET_Request@1d548a08]" name="Authentication" duration-ms="1554" started-at="2020-02-25T09:55:00Z" finished-at="2020-02-25T09:55:01Z">
          <reporter-output>
          </reporter-output>
        </test-method> <!-- Authentication -->
      </class> <!-- RestAssuredAPI.RestAssuredAPI.TC007_GET_Request -->
      <class name="RestAssuredAPI.RestAssuredAPI.TC003_GET_Request">
        <test-method status="PASS" signature="Googlemaps()[pri:0, instance:RestAssuredAPI.RestAssuredAPI.TC003_GET_Request@5ef60048]" name="Googlemaps" duration-ms="659" started-at="2020-02-25T09:54:59Z" finished-at="2020-02-25T09:55:00Z">
          <reporter-output>
          </reporter-output>
        </test-method> <!-- Googlemaps -->
      </class> <!-- RestAssuredAPI.RestAssuredAPI.TC003_GET_Request -->
      <class name="RestAssuredAPI.RestAssuredAPI.TC006_GET_Request">
        <test-method status="FAIL" signature="ExternalResponse()[pri:0, instance:RestAssuredAPI.RestAssuredAPI.TC006_GET_Request@17c386de]" name="ExternalResponse" duration-ms="2028" started-at="2020-02-25T09:54:56Z" finished-at="2020-02-25T09:54:58Z">
          <exception class="junit.framework.AssertionFailedError">
            <message>
              <![CDATA[expected:<34.3 Degree celsius> but was:<28.56 Degree celsius>]]>
            </message>
            <full-stacktrace>
              <![CDATA[junit.framework.AssertionFailedError: expected:<34.3 Degree celsius> but was:<28.56 Degree celsius>
at junit.framework.Assert.fail(Assert.java:50)
at junit.framework.Assert.failNotEquals(Assert.java:287)
at junit.framework.Assert.assertEquals(Assert.java:67)
at junit.framework.Assert.assertEquals(Assert.java:74)
at RestAssuredAPI.RestAssuredAPI.TC006_GET_Request.ExternalResponse(TC006_GET_Request.java:35)
at sun.reflect.NativeMethodAccessorImpl.invoke0(Native Method)
at sun.reflect.NativeMethodAccessorImpl.invoke(Unknown Source)
at sun.reflect.DelegatingMethodAccessorImpl.invoke(Unknown Source)
at java.lang.reflect.Method.invoke(Unknown Source)
at org.testng.internal.MethodInvocationHelper.invokeMethod(MethodInvocationHelper.java:124)
at org.testng.internal.Invoker.invokeMethod(Invoker.java:583)
at org.testng.internal.Invoker.invokeTestMethod(Invoker.java:719)
at org.testng.internal.Invoker.invokeTestMethods(Invoker.java:989)
at org.testng.internal.TestMethodWorker.invokeTestMethods(TestMethodWorker.java:125)
at org.testng.internal.TestMethodWorker.run(TestMethodWorker.java:109)
at org.testng.TestRunner.privateRun(TestRunner.java:648)
at org.testng.TestRunner.run(TestRunner.java:505)
at org.testng.SuiteRunner.runTest(SuiteRunner.java:455)
at org.testng.SuiteRunner.runSequentially(SuiteRunner.java:450)
at org.testng.SuiteRunner.privateRun(SuiteRunner.java:415)
at org.testng.SuiteRunner.run(SuiteRunner.java:364)
at org.testng.SuiteRunnerWorker.runSuite(SuiteRunnerWorker.java:52)
at org.testng.SuiteRunnerWorker.run(SuiteRunnerWorker.java:84)
at org.testng.TestNG.runSuitesSequentially(TestNG.java:1208)
at org.testng.TestNG.runSuitesLocally(TestNG.java:1137)
at org.testng.TestNG.runSuites(TestNG.java:1049)
at org.testng.TestNG.run(TestNG.java:1017)
at org.testng.remote.AbstractRemoteTestNG.run(AbstractRemoteTestNG.java:132)
at org.testng.remote.RemoteTestNG.initAndRun(RemoteTestNG.java:230)
at org.testng.remote.RemoteTestNG.main(RemoteTestNG.java:76)
]]>
            </full-stacktrace>
          </exception> <!-- junit.framework.AssertionFailedError -->
          <reporter-output>
          </reporter-output>
        </test-method> <!-- ExternalResponse -->
      </class> <!-- RestAssuredAPI.RestAssuredAPI.TC006_GET_Request -->
      <class name="RestAssuredAPI.RestAssuredAPI.TC005_GET_Request">
        <test-method status="PASS" signature="ValidateJsonResponse()[pri:0, instance:RestAssuredAPI.RestAssuredAPI.TC005_GET_Request@5762806e]" name="ValidateJsonResponse" duration-ms="2092" started-at="2020-02-25T09:54:53Z" finished-at="2020-02-25T09:54:56Z">
          <reporter-output>
          </reporter-output>
        </test-method> <!-- ValidateJsonResponse -->
      </class> <!-- RestAssuredAPI.RestAssuredAPI.TC005_GET_Request -->
      <class name="RestAssuredAPI.RestAssuredAPI.TC004_GET_Request">
        <test-method status="PASS" signature="printallHearders()[pri:0, instance:RestAssuredAPI.RestAssuredAPI.TC004_GET_Request@548a102f]" name="printallHearders" duration-ms="2181" started-at="2020-02-25T09:54:51Z" finished-at="2020-02-25T09:54:53Z">
          <reporter-output>
          </reporter-output>
        </test-method> <!-- printallHearders -->
      </class> <!-- RestAssuredAPI.RestAssuredAPI.TC004_GET_Request -->
      <class name="RestAssuredAPI.RestAssuredAPI.TC002_POST_Request">
        <test-method status="PASS" signature="RegistrationCustomer()[pri:0, instance:RestAssuredAPI.RestAssuredAPI.TC002_POST_Request@16aa0a0a]" name="RegistrationCustomer" duration-ms="1400" started-at="2020-02-25T09:55:01Z" finished-at="2020-02-25T09:55:03Z">
          <reporter-output>
          </reporter-output>
        </test-method> <!-- RegistrationCustomer -->
      </class> <!-- RestAssuredAPI.RestAssuredAPI.TC002_POST_Request -->
    </test> <!-- Default test -->
  </suite> <!-- Default suite -->
</testng-results>
